<?xml version="1.0" encoding="UTF-8"?>
<!-- Generated by org.testng.reporters.JUnitReportReporter -->
<testsuite hostname="PariArohi" failures="0" tests="1" name="pack1.LogerTest" time="2.905" errors="0" timestamp="2023-10-07T23:28:01 IST" skipped="0">
  <testcase classname="pack1.LogerTest" name="name" time="2.905"/>
  <system-out/>
</testsuite> <!-- pack1.LogerTest -->
